{"numFailedTestSuites":0,"numFailedTests":0,"numPassedTestSuites":1,"numPassedTests":3,"numPendingTestSuites":0,"numPendingTests":0,"numRuntimeErrorTestSuites":0,"numTodoTests":0,"numTotalTestSuites":3,"numTotalTests":3,"openHandles":[],"snapshot":{"added":0,"didUpdate":false,"failure":false,"filesAdded":0,"filesRemoved":0,"filesRemovedList":[],"filesUnmatched":0,"filesUpdated":0,"matched":0,"total":0,"unchecked":0,"uncheckedKeysByFile":[],"unmatched":0,"updated":0},"startTime":1745823904089,"success":true,"testResults":[{"assertionResults":[{"ancestorTitles":["handler"],"duration":159,"failureDetails":[],"failureMessages":[],"fullName":"handler should return a greeting with the provided name","invocations":1,"location":null,"numPassingAsserts":0,"retryReasons":[],"status":"passed","title":"should return a greeting with the provided name"},{"ancestorTitles":["handler"],"duration":28,"failureDetails":[],"failureMessages":[],"fullName":"handler should return a default greeting if no name is provided","invocations":1,"location":null,"numPassingAsserts":0,"retryReasons":[],"status":"passed","title":"should return a default greeting if no name is provided"},{"ancestorTitles":["handler"],"duration":33,"failureDetails":[],"failureMessages":[],"fullName":"handler should handle errors gracefully","invocations":1,"location":null,"numPassingAsserts":0,"retryReasons":[],"status":"passed","title":"should handle errors gracefully"}],"endTime":1745823929168,"message":"","name":"C:\\Users\\Raj Shailesh\\OneDrive - The Boston Consulting Group, Inc\\Documents\\lambda-with-nodejs\\test\\hello-world.test.js","startTime":1745823911068,"status":"passed","summary":""}],"wasInterrupted":false}
